<?xml version="1.0" encoding="UTF-8"?>
<testsuite name="edu.coursera.concurrent.ListSetTest" time="817.491" tests="6" errors="0" skipped="0" failures="1">
  <properties>
[...]
</properties>
  <testcase name="testReadWriteLocksRandomLarge" classname="edu.coursera.concurrent.ListSetTest" time="233.022"/>
  <testcase name="testReadWriteLocksRandomSmall" classname="edu.coursera.concurrent.ListSetTest" time="74.626"/>
  <testcase name="testCoarseGrainedLockingRandomLarge" classname="edu.coursera.concurrent.ListSetTest" time="290.28"/>
  <testcase name="testCoarseGrainedLockingRepeatingLarge" classname="edu.coursera.concurrent.ListSetTest" time="96.881"/>
  <testcase name="testReadWriteLocksRepeatingLarge" classname="edu.coursera.concurrent.ListSetTest" time="80.481">
    <failure message="Expected remove throughput improvement to be at least 0.500000x with read-write locks, but found 0.458292x" type="junit.framework.AssertionFailedError">junit.framework.AssertionFailedError: Expected remove throughput improvement to be at least 0.500000x with read-write locks, but found 0.458292x
	at junit.framework.Assert.fail(Assert.java:47)
	at junit.framework.Assert.assertTrue(Assert.java:20)
	at edu.coursera.concurrent.ListSetTest.testReadWriteLocksHelper(ListSetTest.java:229)
	at edu.coursera.concurrent.ListSetTest.testReadWriteLocksRepeatingLarge(ListSetTest.java:117)
</failure>
    <system-out><![CDATA[=========================================================
RWCoarseList vs. SyncList (Large Repeating)
=========================================================
# threads = 8
0.9581299617759483x improvement in add throughput (117.84201804455901 -> 112.90796824463393)
5.720879520261676x improvement in contains throughput (121.9744615971031 -> 697.8011993458114)
0.45829195630585895x improvement in remove throughput (2080.1733477789817 -> 953.3267130089374)
=========================================================
]]></system-out>
  </testcase>
  <testcase name="testReadWriteLocksRepeatingSmall" classname="edu.coursera.concurrent.ListSetTest" time="42.201"/>
</testsuite>